[debug] [2020-04-22T19:32:44.052Z] ----------------------------------------------------------------------
[debug] [2020-04-22T19:32:44.055Z] Command:       C:\Program Files\nodejs\node.exe C:\Users\Karl\AppData\Roaming\npm\node_modules\firebase-tools\lib\bin\firebase.js init
[debug] [2020-04-22T19:32:44.055Z] CLI Version:   8.1.1
[debug] [2020-04-22T19:32:44.055Z] Platform:      win32
[debug] [2020-04-22T19:32:44.055Z] Node Version:  v12.16.1
[debug] [2020-04-22T19:32:44.056Z] Time:          Wed Apr 22 2020 22:32:44 GMT+0300 (Eastern European Summer Time)
[debug] [2020-04-22T19:32:44.057Z] ----------------------------------------------------------------------
[debug] [2020-04-22T19:32:44.057Z] 
[debug] [2020-04-22T19:32:44.066Z] > command requires scopes: ["email","openid","https://www.googleapis.com/auth/cloudplatformprojects.readonly","https://www.googleapis.com/auth/firebase","https://www.googleapis.com/auth/cloud-platform"]
[debug] [2020-04-22T19:32:44.067Z] > authorizing via signed-in user
[info] 
     ######## #### ########  ######## ########     ###     ######  ########
     ##        ##  ##     ## ##       ##     ##  ##   ##  ##       ##
     ######    ##  ########  ######   ########  #########  ######  ######
     ##        ##  ##    ##  ##       ##     ## ##     ##       ## ##
     ##       #### ##     ## ######## ########  ##     ##  ######  ########

You're about to initialize a Firebase project in this directory:

  C:\Users\Karl\Desktop\DOCS\TTHK\II aasta\Programmeerimine\FlashCard\flashcard

Before we get started, keep in mind:

  * You are initializing in an existing Firebase project directory

